[INFO ] 18-04-2022 15:29:28 [main] Log - Register new account.
[INFO ] 18-04-2022 15:41:30 [main] Log - Register new account.
[INFO ] 18-04-2022 15:41:38 [main] Log - Register new account.
[INFO ] 18-04-2022 16:23:28 [main] Log - Navigate to Safe Railway.
[INFO ] 18-04-2022 16:23:32 [main] Log - Navigate to Login page.
[INFO ] 18-04-2022 16:23:33 [main] Log - Login to Safe Railway.
[INFO ] 18-04-2022 16:23:34 [main] Log - Quit browser.
[INFO ] 18-04-2022 16:24:36 [main] Log - Navigate to Safe Railway.
[INFO ] 18-04-2022 16:24:38 [main] Log - Navigate to Login page.
[INFO ] 18-04-2022 16:24:39 [main] Log - Login to Safe Railway.
[INFO ] 18-04-2022 16:24:40 [main] Log - Quit browser.
[INFO ] 18-04-2022 16:26:23 [main] Log - Navigate to Safe Railway.
[INFO ] 18-04-2022 16:26:25 [main] Log - Navigate to Login Page.
[INFO ] 18-04-2022 16:26:26 [main] Log - Login to Safe Railway.
[INFO ] 18-04-2022 16:26:27 [main] Log - Quit browser.
[INFO ] 18-04-2022 16:33:19 [main] Log - Navigate to Safe Railway.
[INFO ] 18-04-2022 16:33:21 [main] Log - Navigate to Login Page.
[INFO ] 18-04-2022 16:33:22 [main] Log - Login to Safe Railway.
[INFO ] 18-04-2022 16:33:23 [main] Log - Quit browser.
[INFO ] 18-04-2022 16:33:34 [main] Log - Navigate to Safe Railway.
[INFO ] 18-04-2022 16:33:35 [main] Log - Navigate to Login page.
[INFO ] 18-04-2022 16:33:36 [main] Log - Login to Safe Railway.
[INFO ] 18-04-2022 16:33:38 [main] Log - Quit browser.
[INFO ] 18-04-2022 16:33:54 [main] Log - Navigate to Safe Railway.
[INFO ] 18-04-2022 16:33:56 [main] Log - Navigate to Login Page.
[INFO ] 18-04-2022 16:33:57 [main] Log - Login to Safe Railway.
[INFO ] 18-04-2022 16:33:58 [main] Log - Quit browser.
[INFO ] 18-04-2022 17:56:43 [main] Log - Navigate to Safe Railway.
[INFO ] 18-04-2022 17:56:47 [main] Log - Navigate to Login Page.
[INFO ] 18-04-2022 17:56:48 [main] Log - Login to Safe Railway.
[INFO ] 18-04-2022 17:56:49 [main] Log - Quit browser.
[INFO ] 18-04-2022 18:03:02 [main] Log - Navigate to Safe Railway.
[INFO ] 18-04-2022 18:03:06 [main] Log - Navigate to Login Page.
[INFO ] 18-04-2022 18:03:07 [main] Log - Login to Safe Railway.
[INFO ] 18-04-2022 18:03:08 [main] Log - Login to Safe Railway.
[INFO ] 18-04-2022 18:03:09 [main] Log - Login to Safe Railway.
[INFO ] 18-04-2022 18:03:10 [main] Log - Login to Safe Railway.
[INFO ] 18-04-2022 18:03:11 [main] Log - Check that the web page displays correctly with the description.
[INFO ] 18-04-2022 18:03:11 [main] Log - Quit browser.
[INFO ] 18-04-2022 18:06:12 [main] Log - Navigate to Safe Railway.
[INFO ] 18-04-2022 18:06:15 [main] Log - Navigate to Login Page.
[INFO ] 18-04-2022 18:06:17 [main] Log - Login to Safe Railway.
[INFO ] 18-04-2022 18:06:19 [main] Log - Navigate to Contact Page.
[INFO ] 18-04-2022 18:06:22 [main] Log - Log out.
[INFO ] 18-04-2022 18:06:24 [main] Log - Check that the web page displays correctly with the description.
[INFO ] 18-04-2022 18:06:24 [main] Log - Quit browser.
[INFO ] 18-04-2022 18:08:55 [main] Log - Navigate to Safe Railway.
[INFO ] 18-04-2022 18:08:57 [main] Log - Navigate to Register page.
[INFO ] 18-04-2022 18:08:58 [main] Log - Register new account.
[INFO ] 18-04-2022 18:08:59 [main] Log - Check that the web page displays correctly with the description.
[INFO ] 18-04-2022 18:08:59 [main] Log - Quit browser.
[INFO ] 18-04-2022 18:09:00 [main] Log - Navigate to Safe Railway.
[INFO ] 18-04-2022 18:09:12 [main] Log - Navigate to Register page.
[INFO ] 18-04-2022 18:09:12 [main] Log - Register new account.
[INFO ] 18-04-2022 18:09:14 [main] Log - Check that the web page displays correctly with the description.
[INFO ] 18-04-2022 18:09:14 [main] Log - Quit browser.
[INFO ] 18-04-2022 18:09:15 [main] Log - Navigate to Safe Railway.
[INFO ] 18-04-2022 18:09:20 [main] Log - Navigate to Register page.
[INFO ] 18-04-2022 18:09:22 [main] Log - Register new account.
[INFO ] 18-04-2022 18:09:23 [main] Log - Check that the web page displays correctly with the description.
[INFO ] 18-04-2022 18:09:23 [main] Log - Quit browser.
[INFO ] 18-04-2022 18:21:39 [main] Log - Navigate to Safe Railway.
[INFO ] 18-04-2022 18:21:43 [main] Log - Navigate to Register page.
[INFO ] 18-04-2022 18:21:44 [main] Log - Register new account.
[INFO ] 18-04-2022 18:21:45 [main] Log - Navigate to Login page.
[INFO ] 18-04-2022 18:21:46 [main] Log - Login to Safe Railway.
[INFO ] 18-04-2022 18:21:48 [main] Log - Navigate to Change Password page.
[INFO ] 18-04-2022 18:21:51 [main] Log - Change password.
[INFO ] 18-04-2022 18:21:52 [main] Log - Quit browser.
[INFO ] 18-04-2022 18:21:53 [main] Log - Navigate to Safe Railway.
[INFO ] 18-04-2022 18:21:55 [main] Log - Navigate to Register page.
[INFO ] 18-04-2022 18:21:55 [main] Log - Quit browser.
[INFO ] 18-04-2022 18:21:56 [main] Log - Navigate to Safe Railway.
[INFO ] 18-04-2022 18:30:28 [main] Log - Navigate to Safe Railway.
[INFO ] 18-04-2022 18:30:30 [main] Log - Navigate to Register page.
[INFO ] 18-04-2022 18:30:31 [main] Log - Register new account.
[INFO ] 18-04-2022 18:30:32 [main] Log - Navigate to Register page.
[INFO ] 18-04-2022 18:30:33 [main] Log - Register new account.
[INFO ] 18-04-2022 18:30:35 [main] Log - Check that the web page displays correctly with the description.
[INFO ] 18-04-2022 18:30:35 [main] Log - Quit browser.
[INFO ] 18-04-2022 18:30:36 [main] Log - Navigate to Safe Railway.
[INFO ] 18-04-2022 18:30:39 [main] Log - Navigate to Register page.
[INFO ] 18-04-2022 18:30:40 [main] Log - Register new account.
[INFO ] 18-04-2022 18:30:41 [main] Log - Navigate to Register page.
[INFO ] 18-04-2022 18:30:42 [main] Log - Register new account.
[INFO ] 18-04-2022 18:30:43 [main] Log - Check that the web page displays correctly with the description.
[INFO ] 18-04-2022 18:30:43 [main] Log - Quit browser.
[INFO ] 18-04-2022 18:30:44 [main] Log - Navigate to Safe Railway.
[INFO ] 18-04-2022 18:30:46 [main] Log - Navigate to Register page.
[INFO ] 18-04-2022 18:30:47 [main] Log - Register new account.
[INFO ] 18-04-2022 18:30:48 [main] Log - Navigate to Register page.
[INFO ] 18-04-2022 18:30:49 [main] Log - Register new account.
[INFO ] 18-04-2022 18:30:50 [main] Log - Check that the web page displays correctly with the description.
[INFO ] 18-04-2022 18:30:50 [main] Log - Quit browser.
[INFO ] 18-04-2022 18:33:24 [main] Log - Navigate to Safe Railway.
[INFO ] 18-04-2022 18:33:26 [main] Log - Navigate to Register page.
[INFO ] 18-04-2022 18:33:27 [main] Log - Register new account.
[INFO ] 18-04-2022 18:33:28 [main] Log - Check that the web page displays correctly with the description.
[INFO ] 18-04-2022 18:33:28 [main] Log - Quit browser.
[INFO ] 18-04-2022 18:33:29 [main] Log - Navigate to Safe Railway.
[INFO ] 18-04-2022 18:33:31 [main] Log - Navigate to Register page.
[INFO ] 18-04-2022 18:33:32 [main] Log - Register new account.
[INFO ] 18-04-2022 18:33:33 [main] Log - Check that the web page displays correctly with the description.
[INFO ] 18-04-2022 18:33:33 [main] Log - Quit browser.
[INFO ] 18-04-2022 18:33:34 [main] Log - Navigate to Safe Railway.
[INFO ] 18-04-2022 18:33:36 [main] Log - Navigate to Register page.
[INFO ] 18-04-2022 18:33:37 [main] Log - Register new account.
[INFO ] 18-04-2022 18:33:38 [main] Log - Check that the web page displays correctly with the description.
[INFO ] 18-04-2022 18:33:38 [main] Log - Quit browser.
[INFO ] 18-04-2022 18:36:54 [main] Log - Navigate to Safe Railway.
[INFO ] 18-04-2022 18:36:56 [main] Log - Navigate to Register page.
[INFO ] 18-04-2022 18:36:57 [main] Log - Register new account.
[INFO ] 18-04-2022 18:36:58 [main] Log - Navigate to Login page.
[INFO ] 18-04-2022 18:36:59 [main] Log - Login to Safe Railway.
[INFO ] 18-04-2022 18:37:00 [main] Log - Navigate to Book Ticket page.
[INFO ] 18-04-2022 18:37:01 [main] Log - Book a new ticket.
[INFO ] 18-04-2022 18:37:03 [main] Log - Quit browser.
[INFO ] 18-04-2022 18:37:04 [main] Log - Navigate to Safe Railway.
[INFO ] 18-04-2022 18:37:05 [main] Log - Navigate to Register page.
[INFO ] 18-04-2022 18:37:06 [main] Log - Register new account.
[INFO ] 18-04-2022 18:37:08 [main] Log - Navigate to Login page.
[INFO ] 18-04-2022 18:37:09 [main] Log - Login to Safe Railway.
[INFO ] 18-04-2022 18:37:10 [main] Log - Navigate to Book Ticket page.
[INFO ] 18-04-2022 18:37:11 [main] Log - Book a new ticket.
[INFO ] 18-04-2022 18:37:12 [main] Log - Quit browser.
[INFO ] 18-04-2022 18:37:13 [main] Log - Navigate to Safe Railway.
[INFO ] 18-04-2022 18:37:15 [main] Log - Navigate to Register page.
[INFO ] 18-04-2022 18:37:15 [main] Log - Register new account.
[INFO ] 18-04-2022 18:37:17 [main] Log - Navigate to Login page.
[INFO ] 18-04-2022 18:37:18 [main] Log - Login to Safe Railway.
[INFO ] 18-04-2022 18:37:19 [main] Log - Navigate to Book Ticket page.
[INFO ] 18-04-2022 18:37:20 [main] Log - Book a new ticket.
[INFO ] 18-04-2022 18:37:21 [main] Log - Quit browser.
[INFO ] 18-04-2022 18:39:45 [main] Log - Navigate to Safe Railway.
[INFO ] 18-04-2022 18:39:47 [main] Log - Navigate to Register page.
[INFO ] 18-04-2022 18:39:48 [main] Log - Register new account.
[INFO ] 18-04-2022 18:39:50 [main] Log - Navigate to Login page.
[INFO ] 18-04-2022 18:39:50 [main] Log - Login to Safe Railway.
[INFO ] 18-04-2022 18:39:52 [main] Log - Navigate to Book Ticket page.
[INFO ] 18-04-2022 18:39:53 [main] Log - Book a new ticket.
[INFO ] 18-04-2022 18:39:53 [main] Log - Quit browser.
[INFO ] 18-04-2022 18:39:54 [main] Log - Navigate to Safe Railway.
[INFO ] 18-04-2022 18:39:55 [main] Log - Navigate to Register page.
[INFO ] 18-04-2022 18:39:56 [main] Log - Register new account.
[INFO ] 18-04-2022 18:39:58 [main] Log - Navigate to Login page.
[INFO ] 18-04-2022 18:39:59 [main] Log - Login to Safe Railway.
[INFO ] 18-04-2022 18:40:00 [main] Log - Navigate to Book Ticket page.
[INFO ] 18-04-2022 18:40:01 [main] Log - Book a new ticket.
[INFO ] 18-04-2022 18:40:03 [main] Log - Quit browser.
[INFO ] 18-04-2022 18:40:04 [main] Log - Navigate to Safe Railway.
[INFO ] 18-04-2022 18:40:06 [main] Log - Navigate to Register page.
[INFO ] 18-04-2022 18:40:07 [main] Log - Register new account.
[INFO ] 18-04-2022 18:40:08 [main] Log - Navigate to Login page.
[INFO ] 18-04-2022 18:40:09 [main] Log - Login to Safe Railway.
[INFO ] 18-04-2022 18:40:10 [main] Log - Navigate to Book Ticket page.
[INFO ] 18-04-2022 18:40:11 [main] Log - Book a new ticket.
[INFO ] 18-04-2022 18:40:11 [main] Log - Quit browser.
[INFO ] 18-04-2022 18:41:53 [main] Log - Navigate to Safe Railway.
[INFO ] 18-04-2022 18:41:55 [main] Log - Navigate to Register page.
[INFO ] 18-04-2022 18:41:55 [main] Log - Register new account.
[INFO ] 18-04-2022 18:41:57 [main] Log - Navigate to Login page.
[INFO ] 18-04-2022 18:41:58 [main] Log - Login to Safe Railway.
[INFO ] 18-04-2022 18:41:59 [main] Log - Navigate to Book Ticket page.
[INFO ] 18-04-2022 18:42:01 [main] Log - Book a new ticket.
[INFO ] 18-04-2022 18:42:01 [main] Log - Quit browser.
[INFO ] 18-04-2022 18:42:02 [main] Log - Navigate to Safe Railway.
[INFO ] 18-04-2022 18:42:04 [main] Log - Navigate to Register page.
[INFO ] 18-04-2022 18:42:04 [main] Log - Register new account.
[INFO ] 18-04-2022 18:42:06 [main] Log - Navigate to Login page.
[INFO ] 18-04-2022 18:42:07 [main] Log - Login to Safe Railway.
[INFO ] 18-04-2022 18:42:08 [main] Log - Navigate to Book Ticket page.
[INFO ] 18-04-2022 18:42:10 [main] Log - Book a new ticket.
[INFO ] 18-04-2022 18:42:12 [main] Log - Quit browser.
[INFO ] 18-04-2022 18:42:13 [main] Log - Navigate to Safe Railway.
[INFO ] 18-04-2022 18:42:15 [main] Log - Navigate to Register page.
[INFO ] 18-04-2022 18:42:16 [main] Log - Register new account.
[INFO ] 18-04-2022 18:42:17 [main] Log - Navigate to Login page.
[INFO ] 18-04-2022 18:42:18 [main] Log - Login to Safe Railway.
[INFO ] 18-04-2022 18:42:19 [main] Log - Navigate to Book Ticket page.
[INFO ] 18-04-2022 18:42:21 [main] Log - Book a new ticket.
[INFO ] 18-04-2022 18:42:21 [main] Log - Quit browser.
[INFO ] 18-04-2022 18:42:55 [main] Log - Navigate to Safe Railway.
[INFO ] 18-04-2022 18:42:57 [main] Log - Navigate to Register page.
[INFO ] 18-04-2022 18:42:58 [main] Log - Register new account.
[INFO ] 18-04-2022 18:42:59 [main] Log - Navigate to Login page.
[INFO ] 18-04-2022 18:43:00 [main] Log - Login to Safe Railway.
[INFO ] 18-04-2022 18:43:02 [main] Log - Navigate to Book Ticket page.
[INFO ] 18-04-2022 18:43:04 [main] Log - Book a new ticket.
[INFO ] 18-04-2022 18:43:06 [main] Log - Quit browser.
[INFO ] 18-04-2022 18:43:08 [main] Log - Navigate to Safe Railway.
[INFO ] 18-04-2022 18:43:09 [main] Log - Navigate to Register page.
[INFO ] 18-04-2022 18:43:09 [main] Log - Quit browser.
[INFO ] 18-04-2022 18:43:10 [main] Log - Navigate to Safe Railway.
[INFO ] 18-04-2022 18:53:43 [main] Log - Navigate to Safe Railway.
[INFO ] 18-04-2022 18:53:44 [main] Log - Navigate to Register page.
[INFO ] 18-04-2022 18:53:45 [main] Log - Register new account.
[INFO ] 18-04-2022 18:53:47 [main] Log - Navigate to Login page.
[INFO ] 18-04-2022 18:53:48 [main] Log - Login to Safe Railway.
[INFO ] 18-04-2022 18:53:49 [main] Log - Navigate to Book Ticket page.
[INFO ] 18-04-2022 18:53:50 [main] Log - Book a new ticket.
[INFO ] 18-04-2022 18:53:53 [main] Log - Check that the web page displays correctly with the description.
[INFO ] 18-04-2022 18:53:53 [main] Log - Quit browser.
[INFO ] 18-04-2022 18:53:54 [main] Log - Navigate to Safe Railway.
[INFO ] 18-04-2022 18:53:56 [main] Log - Navigate to Register page.
[INFO ] 18-04-2022 18:53:57 [main] Log - Register new account.
[INFO ] 18-04-2022 18:53:58 [main] Log - Navigate to Login page.
[INFO ] 18-04-2022 18:53:59 [main] Log - Login to Safe Railway.
[INFO ] 18-04-2022 18:54:01 [main] Log - Navigate to Book Ticket page.
[INFO ] 18-04-2022 18:54:01 [main] Log - Book a new ticket.
[INFO ] 18-04-2022 18:54:05 [main] Log - Check that the web page displays correctly with the description.
[INFO ] 18-04-2022 18:54:05 [main] Log - Quit browser.
[INFO ] 18-04-2022 18:54:06 [main] Log - Navigate to Safe Railway.
[INFO ] 18-04-2022 18:54:08 [main] Log - Navigate to Register page.
[INFO ] 18-04-2022 18:54:09 [main] Log - Register new account.
[INFO ] 18-04-2022 18:54:10 [main] Log - Navigate to Login page.
[INFO ] 18-04-2022 18:54:11 [main] Log - Login to Safe Railway.
[INFO ] 18-04-2022 18:54:12 [main] Log - Navigate to Book Ticket page.
[INFO ] 18-04-2022 18:54:13 [main] Log - Book a new ticket.
[INFO ] 18-04-2022 18:54:13 [main] Log - Quit browser.
[INFO ] 18-04-2022 18:56:59 [main] Log - Navigate to Safe Railway.
[INFO ] 18-04-2022 18:57:01 [main] Log - Navigate to Register page.
[INFO ] 18-04-2022 18:57:02 [main] Log - Register new account.
[INFO ] 18-04-2022 18:57:03 [main] Log - Navigate to Login page.
[INFO ] 18-04-2022 18:57:04 [main] Log - Login to Safe Railway.
[INFO ] 18-04-2022 18:57:05 [main] Log - Navigate to Book Ticket page.
[INFO ] 18-04-2022 18:57:06 [main] Log - Book a new ticket.
[INFO ] 18-04-2022 18:57:06 [main] Log - Quit browser.
[INFO ] 18-04-2022 18:57:07 [main] Log - Navigate to Safe Railway.
[INFO ] 18-04-2022 18:57:09 [main] Log - Navigate to Register page.
[INFO ] 18-04-2022 18:57:10 [main] Log - Register new account.
[INFO ] 18-04-2022 18:57:11 [main] Log - Navigate to Login page.
[INFO ] 18-04-2022 18:57:12 [main] Log - Login to Safe Railway.
[INFO ] 18-04-2022 18:57:14 [main] Log - Navigate to Book Ticket page.
[INFO ] 18-04-2022 18:57:15 [main] Log - Book a new ticket.
[INFO ] 18-04-2022 18:57:15 [main] Log - Quit browser.
[INFO ] 18-04-2022 18:57:16 [main] Log - Navigate to Safe Railway.
[INFO ] 18-04-2022 18:57:17 [main] Log - Navigate to Register page.
[INFO ] 18-04-2022 18:57:18 [main] Log - Register new account.
[INFO ] 18-04-2022 18:57:20 [main] Log - Navigate to Login page.
[INFO ] 18-04-2022 18:57:21 [main] Log - Login to Safe Railway.
[INFO ] 18-04-2022 18:57:22 [main] Log - Navigate to Book Ticket page.
[INFO ] 18-04-2022 18:57:23 [main] Log - Book a new ticket.
[INFO ] 18-04-2022 18:57:25 [main] Log - Quit browser.
[INFO ] 18-04-2022 18:59:19 [main] Log - Navigate to Safe Railway.
[INFO ] 18-04-2022 18:59:21 [main] Log - Navigate to Register page.
[INFO ] 18-04-2022 18:59:22 [main] Log - Register new account.
[INFO ] 18-04-2022 18:59:23 [main] Log - Navigate to Login page.
[INFO ] 18-04-2022 18:59:24 [main] Log - Login to Safe Railway.
[INFO ] 18-04-2022 18:59:26 [main] Log - Navigate to Book Ticket page.
[INFO ] 18-04-2022 18:59:27 [main] Log - Book a new ticket.
[INFO ] 18-04-2022 18:59:31 [main] Log - Check that the web page displays correctly with the description.
[INFO ] 18-04-2022 19:03:33 [main] Log - Navigate to Safe Railway.
[INFO ] 18-04-2022 19:03:34 [main] Log - Navigate to Register page.
[INFO ] 18-04-2022 19:03:35 [main] Log - Register new account.
[INFO ] 18-04-2022 19:03:37 [main] Log - Navigate to Login page.
[INFO ] 18-04-2022 19:03:37 [main] Log - Login to Safe Railway.
[INFO ] 18-04-2022 19:03:39 [main] Log - Navigate to Timetable page.
[INFO ] 18-04-2022 19:03:40 [main] Log - Check price.
[INFO ] 18-04-2022 19:03:40 [main] Log - Quit browser.
[INFO ] 18-04-2022 19:03:41 [main] Log - Navigate to Safe Railway.
[INFO ] 18-04-2022 19:03:42 [main] Log - Navigate to Register page.
[INFO ] 18-04-2022 19:03:43 [main] Log - Register new account.
[INFO ] 18-04-2022 19:03:45 [main] Log - Navigate to Login page.
[INFO ] 18-04-2022 19:03:45 [main] Log - Login to Safe Railway.
[INFO ] 18-04-2022 19:03:47 [main] Log - Navigate to Timetable page.
[INFO ] 18-04-2022 19:03:48 [main] Log - Check price.
[INFO ] 18-04-2022 19:03:48 [main] Log - Quit browser.
[INFO ] 18-04-2022 19:03:49 [main] Log - Navigate to Safe Railway.
[INFO ] 18-04-2022 19:03:50 [main] Log - Navigate to Register page.
[INFO ] 18-04-2022 19:03:51 [main] Log - Register new account.
[INFO ] 18-04-2022 19:03:53 [main] Log - Navigate to Login page.
[INFO ] 18-04-2022 19:03:53 [main] Log - Login to Safe Railway.
[INFO ] 18-04-2022 19:03:55 [main] Log - Navigate to Timetable page.
[INFO ] 18-04-2022 19:03:56 [main] Log - Check price.
[INFO ] 18-04-2022 19:03:56 [main] Log - Quit browser.
[INFO ] 18-04-2022 19:05:30 [main] Log - Navigate to Safe Railway.
[INFO ] 18-04-2022 19:05:31 [main] Log - Navigate to Register page.
[INFO ] 18-04-2022 19:05:32 [main] Log - Register new account.
[INFO ] 18-04-2022 19:05:34 [main] Log - Navigate to Login page.
[INFO ] 18-04-2022 19:05:34 [main] Log - Login to Safe Railway.
[INFO ] 18-04-2022 19:05:36 [main] Log - Navigate to Timetable page.
[INFO ] 18-04-2022 19:05:37 [main] Log - Check price.
[INFO ] 18-04-2022 19:05:38 [main] Log - Check that the web page displays correctly with the description.
[INFO ] 18-04-2022 19:05:39 [main] Log - Quit browser.
[INFO ] 18-04-2022 19:05:40 [main] Log - Navigate to Safe Railway.
[INFO ] 18-04-2022 19:05:41 [main] Log - Navigate to Register page.
[INFO ] 18-04-2022 19:05:42 [main] Log - Register new account.
[INFO ] 18-04-2022 19:05:44 [main] Log - Navigate to Login page.
[INFO ] 18-04-2022 19:05:45 [main] Log - Login to Safe Railway.
[INFO ] 18-04-2022 19:05:46 [main] Log - Navigate to Timetable page.
[INFO ] 18-04-2022 19:05:47 [main] Log - Check price.
[INFO ] 18-04-2022 19:05:48 [main] Log - Quit browser.
[INFO ] 18-04-2022 19:05:49 [main] Log - Navigate to Safe Railway.
[INFO ] 18-04-2022 19:05:51 [main] Log - Navigate to Register page.
[INFO ] 18-04-2022 19:05:51 [main] Log - Register new account.
[INFO ] 18-04-2022 19:05:53 [main] Log - Navigate to Login page.
[INFO ] 18-04-2022 19:05:54 [main] Log - Login to Safe Railway.
[INFO ] 18-04-2022 19:05:55 [main] Log - Navigate to Timetable page.
[INFO ] 18-04-2022 19:05:56 [main] Log - Check price.
[INFO ] 18-04-2022 19:05:58 [main] Log - Check that the web page displays correctly with the description.
[INFO ] 18-04-2022 19:05:58 [main] Log - Quit browser.
[INFO ] 18-04-2022 19:09:05 [main] Log - Navigate to Safe Railway.
[INFO ] 18-04-2022 19:09:06 [main] Log - Navigate to Register page.
[INFO ] 18-04-2022 19:09:07 [main] Log - Register new account.
[INFO ] 18-04-2022 19:09:09 [main] Log - Navigate to Login page.
[INFO ] 18-04-2022 19:09:09 [main] Log - Login to Safe Railway.
[INFO ] 18-04-2022 19:09:11 [main] Log - Navigate to Book Ticket page.
[INFO ] 18-04-2022 19:09:12 [main] Log - Book a new ticket.
[INFO ] 18-04-2022 19:09:13 [main] Log - Quit browser.
[INFO ] 18-04-2022 19:09:14 [main] Log - Navigate to Safe Railway.
[INFO ] 18-04-2022 19:09:15 [main] Log - Navigate to Register page.
[INFO ] 18-04-2022 19:09:16 [main] Log - Register new account.
[INFO ] 18-04-2022 19:09:18 [main] Log - Navigate to Login page.
[INFO ] 18-04-2022 19:09:18 [main] Log - Login to Safe Railway.
[INFO ] 18-04-2022 19:09:20 [main] Log - Navigate to Book Ticket page.
[INFO ] 18-04-2022 19:09:21 [main] Log - Book a new ticket.
[INFO ] 18-04-2022 19:09:24 [main] Log - Quit browser.
[INFO ] 18-04-2022 19:09:25 [main] Log - Navigate to Safe Railway.
[INFO ] 18-04-2022 19:09:27 [main] Log - Navigate to Register page.
[INFO ] 18-04-2022 19:09:27 [main] Log - Register new account.
[INFO ] 18-04-2022 19:09:29 [main] Log - Navigate to Login page.
[INFO ] 18-04-2022 19:09:30 [main] Log - Login to Safe Railway.
[INFO ] 18-04-2022 19:09:31 [main] Log - Navigate to Book Ticket page.
[INFO ] 18-04-2022 19:09:32 [main] Log - Book a new ticket.
[INFO ] 18-04-2022 19:09:35 [main] Log - Quit browser.
[INFO ] 18-04-2022 19:09:55 [main] Log - Navigate to Safe Railway.
[INFO ] 18-04-2022 19:09:57 [main] Log - Navigate to Register page.
[INFO ] 18-04-2022 19:09:58 [main] Log - Register new account.
[INFO ] 18-04-2022 19:09:59 [main] Log - Navigate to Login page.
[INFO ] 18-04-2022 19:10:00 [main] Log - Login to Safe Railway.
[INFO ] 18-04-2022 19:10:02 [main] Log - Navigate to Book Ticket page.
[INFO ] 18-04-2022 19:10:03 [main] Log - Book a new ticket.
[INFO ] 18-04-2022 19:10:03 [main] Log - Quit browser.
[INFO ] 18-04-2022 19:10:04 [main] Log - Navigate to Safe Railway.
[INFO ] 18-04-2022 19:10:52 [main] Log - Navigate to Safe Railway.
[INFO ] 18-04-2022 19:10:54 [main] Log - Navigate to Register page.
[INFO ] 18-04-2022 19:10:54 [main] Log - Register new account.
[INFO ] 18-04-2022 19:10:56 [main] Log - Navigate to Login page.
[INFO ] 18-04-2022 19:10:57 [main] Log - Login to Safe Railway.
[INFO ] 18-04-2022 19:10:58 [main] Log - Navigate to Book Ticket page.
[INFO ] 18-04-2022 19:10:59 [main] Log - Book a new ticket.
[INFO ] 18-04-2022 19:11:01 [main] Log - Quit browser.
[INFO ] 18-04-2022 19:11:02 [main] Log - Navigate to Safe Railway.
[INFO ] 18-04-2022 19:11:03 [main] Log - Navigate to Register page.
[INFO ] 18-04-2022 19:11:04 [main] Log - Register new account.
[INFO ] 18-04-2022 19:11:06 [main] Log - Navigate to Login page.
[INFO ] 18-04-2022 19:11:06 [main] Log - Login to Safe Railway.
[INFO ] 18-04-2022 19:11:08 [main] Log - Navigate to Book Ticket page.
[INFO ] 18-04-2022 19:11:09 [main] Log - Book a new ticket.
[INFO ] 18-04-2022 19:11:11 [main] Log - Quit browser.
[INFO ] 18-04-2022 19:11:11 [main] Log - Navigate to Safe Railway.
[INFO ] 18-04-2022 19:11:13 [main] Log - Navigate to Register page.
[INFO ] 18-04-2022 19:11:14 [main] Log - Register new account.
[INFO ] 18-04-2022 19:11:15 [main] Log - Navigate to Login page.
[INFO ] 18-04-2022 19:11:16 [main] Log - Login to Safe Railway.
[INFO ] 18-04-2022 19:11:18 [main] Log - Navigate to Book Ticket page.
[INFO ] 18-04-2022 19:11:19 [main] Log - Book a new ticket.
[INFO ] 18-04-2022 19:11:21 [main] Log - Quit browser.
[INFO ] 18-04-2022 19:11:51 [main] Log - Navigate to Safe Railway.
[INFO ] 18-04-2022 19:11:53 [main] Log - Navigate to Register page.
[INFO ] 18-04-2022 19:11:54 [main] Log - Register new account.
[INFO ] 18-04-2022 19:11:55 [main] Log - Navigate to Login page.
[INFO ] 18-04-2022 19:11:56 [main] Log - Login to Safe Railway.
[INFO ] 18-04-2022 19:11:58 [main] Log - Navigate to Book Ticket page.
[INFO ] 18-04-2022 19:11:58 [main] Log - Book a new ticket.
[INFO ] 18-04-2022 19:12:01 [main] Log - Quit browser.
[INFO ] 18-04-2022 19:12:02 [main] Log - Navigate to Safe Railway.
[INFO ] 18-04-2022 19:12:04 [main] Log - Navigate to Register page.
[INFO ] 18-04-2022 19:12:04 [main] Log - Register new account.
[INFO ] 18-04-2022 19:12:06 [main] Log - Navigate to Login page.
[INFO ] 18-04-2022 19:12:07 [main] Log - Login to Safe Railway.
[INFO ] 18-04-2022 19:12:08 [main] Log - Navigate to Book Ticket page.
[INFO ] 18-04-2022 19:12:09 [main] Log - Book a new ticket.
[INFO ] 18-04-2022 19:12:13 [main] Log - Quit browser.
[INFO ] 18-04-2022 19:12:14 [main] Log - Navigate to Safe Railway.
[INFO ] 18-04-2022 19:12:16 [main] Log - Navigate to Register page.
[INFO ] 18-04-2022 19:12:16 [main] Log - Register new account.
[INFO ] 18-04-2022 19:12:18 [main] Log - Navigate to Login page.
[INFO ] 18-04-2022 19:12:19 [main] Log - Login to Safe Railway.
[INFO ] 18-04-2022 19:12:20 [main] Log - Navigate to Book Ticket page.
[INFO ] 18-04-2022 19:12:21 [main] Log - Book a new ticket.
[INFO ] 18-04-2022 19:12:25 [main] Log - Quit browser.
[INFO ] 18-04-2022 19:12:48 [main] Log - Quit browser.
[INFO ] 18-04-2022 19:13:09 [main] Log - Navigate to Safe Railway.
[INFO ] 18-04-2022 19:13:11 [main] Log - Navigate to Register page.
[INFO ] 18-04-2022 19:13:12 [main] Log - Register new account.
[INFO ] 18-04-2022 19:13:13 [main] Log - Navigate to Login page.
[INFO ] 18-04-2022 19:13:14 [main] Log - Login to Safe Railway.
[INFO ] 18-04-2022 19:13:16 [main] Log - Navigate to Book Ticket page.
[INFO ] 18-04-2022 19:13:16 [main] Log - Book a new ticket.
[INFO ] 18-04-2022 19:13:19 [main] Log - Quit browser.
[INFO ] 18-04-2022 19:13:20 [main] Log - Navigate to Safe Railway.
[INFO ] 18-04-2022 19:13:22 [main] Log - Navigate to Register page.
[INFO ] 18-04-2022 19:13:23 [main] Log - Register new account.
[INFO ] 18-04-2022 19:13:24 [main] Log - Navigate to Login page.
[INFO ] 18-04-2022 19:13:25 [main] Log - Login to Safe Railway.
[INFO ] 18-04-2022 19:13:27 [main] Log - Navigate to Book Ticket page.
[INFO ] 18-04-2022 19:13:27 [main] Log - Book a new ticket.
[INFO ] 18-04-2022 19:13:32 [main] Log - Navigate to My Ticket page.
[INFO ] 18-04-2022 19:13:33 [main] Log - Cancel ticket.
[INFO ] 18-04-2022 19:13:33 [main] Log - Quit browser.
[INFO ] 18-04-2022 19:13:34 [main] Log - Navigate to Safe Railway.
[INFO ] 18-04-2022 19:13:36 [main] Log - Navigate to Register page.
[INFO ] 18-04-2022 19:13:37 [main] Log - Register new account.
[INFO ] 18-04-2022 19:13:38 [main] Log - Navigate to Login page.
[INFO ] 18-04-2022 19:13:39 [main] Log - Login to Safe Railway.
[INFO ] 18-04-2022 19:13:41 [main] Log - Navigate to Book Ticket page.
[INFO ] 18-04-2022 19:13:41 [main] Log - Book a new ticket.
[INFO ] 18-04-2022 19:13:45 [main] Log - Quit browser.
[INFO ] 18-04-2022 19:22:07 [main] Log - Navigate to Safe Railway.
[INFO ] 18-04-2022 19:22:09 [main] Log - Navigate to Login page.
[INFO ] 18-04-2022 19:22:10 [main] Log - Login to Safe Railway.
[INFO ] 18-04-2022 19:22:12 [main] Log - Check that the web page displays correctly with the description.
[INFO ] 18-04-2022 19:22:12 [main] Log - Quit browser.
[INFO ] 18-04-2022 19:22:13 [main] Log - Navigate to Safe Railway.
[INFO ] 18-04-2022 19:22:14 [main] Log - Navigate to Login Page.
[INFO ] 18-04-2022 19:22:15 [main] Log - Login to Safe Railway.
[INFO ] 18-04-2022 19:22:16 [main] Log - Check that the web page displays correctly with the description.
[INFO ] 18-04-2022 19:22:16 [main] Log - Quit browser.
[INFO ] 18-04-2022 19:22:17 [main] Log - Navigate to Safe Railway.
[INFO ] 18-04-2022 19:22:19 [main] Log - Navigate to Login Page.
[INFO ] 18-04-2022 19:22:20 [main] Log - Login to Safe Railway.
[INFO ] 18-04-2022 19:22:21 [main] Log - Check that the web page displays correctly with the description.
[INFO ] 18-04-2022 19:22:21 [main] Log - Quit browser.
[INFO ] 18-04-2022 19:22:39 [main] Log - Navigate to Safe Railway.
[INFO ] 18-04-2022 19:22:40 [main] Log - Navigate to Login page.
[INFO ] 18-04-2022 19:22:41 [main] Log - Login to Safe Railway.
[INFO ] 18-04-2022 19:22:43 [main] Log - Check that the web page displays correctly with the description.
[INFO ] 18-04-2022 19:22:43 [main] Log - Quit browser.
[INFO ] 18-04-2022 19:22:44 [main] Log - Navigate to Safe Railway.
[INFO ] 18-04-2022 19:22:45 [main] Log - Navigate to Login Page.
[INFO ] 18-04-2022 19:22:46 [main] Log - Login to Safe Railway.
[INFO ] 18-04-2022 19:22:47 [main] Log - Check that the web page displays correctly with the description.
[INFO ] 18-04-2022 19:22:47 [main] Log - Quit browser.
[INFO ] 18-04-2022 19:22:48 [main] Log - Navigate to Safe Railway.
[INFO ] 18-04-2022 19:22:50 [main] Log - Navigate to Login Page.
[INFO ] 18-04-2022 19:22:51 [main] Log - Login to Safe Railway.
[INFO ] 18-04-2022 19:22:52 [main] Log - Check that the web page displays correctly with the description.
[INFO ] 18-04-2022 19:22:52 [main] Log - Quit browser.
[INFO ] 18-04-2022 19:22:53 [main] Log - Navigate to Safe Railway.
[INFO ] 18-04-2022 19:22:55 [main] Log - Navigate to Login Page.
[INFO ] 18-04-2022 19:22:56 [main] Log - Login to Safe Railway.
[INFO ] 18-04-2022 19:22:57 [main] Log - Check that the web page displays correctly with the description.
[INFO ] 18-04-2022 19:22:57 [main] Log - Quit browser.
[INFO ] 18-04-2022 19:22:58 [main] Log - Navigate to Safe Railway.
[INFO ] 18-04-2022 19:23:00 [main] Log - Navigate to Login Page.
[INFO ] 18-04-2022 19:23:01 [main] Log - Login to Safe Railway.
[INFO ] 18-04-2022 19:23:02 [main] Log - Login to Safe Railway.
[INFO ] 18-04-2022 19:23:03 [main] Log - Login to Safe Railway.
[INFO ] 18-04-2022 19:23:04 [main] Log - Login to Safe Railway.
[INFO ] 18-04-2022 19:23:04 [main] Log - Check that the web page displays correctly with the description.
[INFO ] 18-04-2022 19:23:04 [main] Log - Quit browser.
[INFO ] 18-04-2022 19:23:05 [main] Log - Navigate to Safe Railway.
[INFO ] 18-04-2022 19:23:07 [main] Log - Navigate to Login Page.
[INFO ] 18-04-2022 19:23:08 [main] Log - Login to Safe Railway.
[INFO ] 18-04-2022 19:23:10 [main] Log - Navigate to Contact Page.
[INFO ] 18-04-2022 19:23:11 [main] Log - Log out.
[INFO ] 18-04-2022 19:23:12 [main] Log - Check that the web page displays correctly with the description.
[INFO ] 18-04-2022 19:23:12 [main] Log - Quit browser.
[INFO ] 18-04-2022 19:23:13 [main] Log - Navigate to Safe Railway.
[INFO ] 18-04-2022 19:23:15 [main] Log - Navigate to Register page.
[INFO ] 18-04-2022 19:23:16 [main] Log - Register new account.
[INFO ] 18-04-2022 19:23:17 [main] Log - Check that the web page displays correctly with the description.
[INFO ] 18-04-2022 19:23:17 [main] Log - Quit browser.
[INFO ] 18-04-2022 19:23:18 [main] Log - Navigate to Safe Railway.
[INFO ] 18-04-2022 19:23:20 [main] Log - Navigate to Register page.
[INFO ] 18-04-2022 19:23:21 [main] Log - Register new account.
[INFO ] 18-04-2022 19:23:22 [main] Log - Check that the web page displays correctly with the description.
[INFO ] 18-04-2022 19:23:23 [main] Log - Quit browser.
[INFO ] 18-04-2022 19:23:23 [main] Log - Navigate to Safe Railway.
[INFO ] 18-04-2022 19:23:25 [main] Log - Navigate to Register page.
[INFO ] 18-04-2022 19:23:26 [main] Log - Register new account.
[INFO ] 18-04-2022 19:23:28 [main] Log - Check that the web page displays correctly with the description.
[INFO ] 18-04-2022 19:23:28 [main] Log - Quit browser.
[INFO ] 18-04-2022 19:23:28 [main] Log - Navigate to Safe Railway.
[INFO ] 18-04-2022 19:23:30 [main] Log - Navigate to Register page.
[INFO ] 18-04-2022 19:23:31 [main] Log - Register new account.
[INFO ] 18-04-2022 19:23:33 [main] Log - Navigate to Login page.
[INFO ] 18-04-2022 19:23:34 [main] Log - Login to Safe Railway.
[INFO ] 18-04-2022 19:23:35 [main] Log - Navigate to Change Password page.
[INFO ] 18-04-2022 19:23:36 [main] Log - Change password.
[INFO ] 18-04-2022 19:23:36 [main] Log - Quit browser.
[INFO ] 18-04-2022 19:23:37 [main] Log - Navigate to Safe Railway.
[INFO ] 18-04-2022 19:23:39 [main] Log - Navigate to Register page.
[INFO ] 18-04-2022 19:23:40 [main] Log - Register new account.
[INFO ] 18-04-2022 19:23:41 [main] Log - Navigate to Login page.
[INFO ] 18-04-2022 19:23:42 [main] Log - Login to Safe Railway.
[INFO ] 18-04-2022 19:23:44 [main] Log - Navigate to Change Password page.
[INFO ] 18-04-2022 19:23:45 [main] Log - Change password.
[INFO ] 18-04-2022 19:23:45 [main] Log - Quit browser.
[INFO ] 18-04-2022 19:23:46 [main] Log - Navigate to Safe Railway.
[INFO ] 18-04-2022 19:23:48 [main] Log - Navigate to Register page.
[INFO ] 18-04-2022 19:23:49 [main] Log - Register new account.
[INFO ] 18-04-2022 19:23:50 [main] Log - Navigate to Login page.
[INFO ] 18-04-2022 19:23:51 [main] Log - Login to Safe Railway.
[INFO ] 18-04-2022 19:23:53 [main] Log - Navigate to Change Password page.
[INFO ] 18-04-2022 19:23:53 [main] Log - Change password.
[INFO ] 18-04-2022 19:23:54 [main] Log - Quit browser.
[INFO ] 18-04-2022 19:23:54 [main] Log - Navigate to Safe Railway.
[INFO ] 18-04-2022 19:23:56 [main] Log - Navigate to Register page.
[INFO ] 18-04-2022 19:23:58 [main] Log - Register new account.
[INFO ] 18-04-2022 19:24:00 [main] Log - Navigate to Register page.
[INFO ] 18-04-2022 19:24:01 [main] Log - Register new account.
[INFO ] 18-04-2022 19:24:01 [main] Log - Check that the web page displays correctly with the description.
[INFO ] 18-04-2022 19:24:01 [main] Log - Quit browser.
[INFO ] 18-04-2022 19:24:02 [main] Log - Navigate to Safe Railway.
[INFO ] 18-04-2022 19:24:04 [main] Log - Navigate to Register page.
[INFO ] 18-04-2022 19:24:05 [main] Log - Register new account.
[INFO ] 18-04-2022 19:24:07 [main] Log - Navigate to Register page.
[INFO ] 18-04-2022 19:24:07 [main] Log - Register new account.
[INFO ] 18-04-2022 19:24:09 [main] Log - Check that the web page displays correctly with the description.
[INFO ] 18-04-2022 19:24:09 [main] Log - Quit browser.
[INFO ] 18-04-2022 19:24:10 [main] Log - Navigate to Safe Railway.
[INFO ] 18-04-2022 19:24:11 [main] Log - Navigate to Register page.
[INFO ] 18-04-2022 19:24:12 [main] Log - Register new account.
[INFO ] 18-04-2022 19:24:14 [main] Log - Navigate to Register page.
[INFO ] 18-04-2022 19:24:15 [main] Log - Register new account.
[INFO ] 18-04-2022 19:24:16 [main] Log - Check that the web page displays correctly with the description.
[INFO ] 18-04-2022 19:24:16 [main] Log - Quit browser.
[INFO ] 18-04-2022 19:24:17 [main] Log - Navigate to Safe Railway.
[INFO ] 18-04-2022 19:24:19 [main] Log - Navigate to Register page.
[INFO ] 18-04-2022 19:24:20 [main] Log - Register new account.
[INFO ] 18-04-2022 19:24:21 [main] Log - Check that the web page displays correctly with the description.
[INFO ] 18-04-2022 19:24:21 [main] Log - Quit browser.
[INFO ] 18-04-2022 19:24:22 [main] Log - Navigate to Safe Railway.
[INFO ] 18-04-2022 19:24:23 [main] Log - Navigate to Register page.
[INFO ] 18-04-2022 19:24:24 [main] Log - Register new account.
[INFO ] 18-04-2022 19:24:25 [main] Log - Check that the web page displays correctly with the description.
[INFO ] 18-04-2022 19:24:26 [main] Log - Quit browser.
[INFO ] 18-04-2022 19:24:26 [main] Log - Navigate to Safe Railway.
[INFO ] 18-04-2022 19:24:28 [main] Log - Navigate to Register page.
[INFO ] 18-04-2022 19:24:29 [main] Log - Register new account.
[INFO ] 18-04-2022 19:24:30 [main] Log - Check that the web page displays correctly with the description.
[INFO ] 18-04-2022 19:24:30 [main] Log - Quit browser.
[INFO ] 18-04-2022 19:24:31 [main] Log - Navigate to Safe Railway.
[INFO ] 18-04-2022 19:24:33 [main] Log - Navigate to Register page.
[INFO ] 18-04-2022 19:24:34 [main] Log - Register new account.
[INFO ] 18-04-2022 19:24:35 [main] Log - Navigate to Login page.
[INFO ] 18-04-2022 19:24:36 [main] Log - Login to Safe Railway.
[INFO ] 18-04-2022 19:24:38 [main] Log - Navigate to Book Ticket page.
[INFO ] 18-04-2022 19:24:39 [main] Log - Book a new ticket.
[INFO ] 18-04-2022 19:24:44 [main] Log - Check that the web page displays correctly with the description.
[INFO ] 18-04-2022 19:24:44 [main] Log - Quit browser.
[INFO ] 18-04-2022 19:24:45 [main] Log - Navigate to Safe Railway.
[INFO ] 18-04-2022 19:24:47 [main] Log - Navigate to Register page.
[INFO ] 18-04-2022 19:24:48 [main] Log - Register new account.
[INFO ] 18-04-2022 19:24:49 [main] Log - Navigate to Login page.
[INFO ] 18-04-2022 19:24:50 [main] Log - Login to Safe Railway.
[INFO ] 18-04-2022 19:24:52 [main] Log - Navigate to Book Ticket page.
[INFO ] 18-04-2022 19:24:52 [main] Log - Book a new ticket.
[INFO ] 18-04-2022 19:24:55 [main] Log - Quit browser.
[INFO ] 18-04-2022 19:24:56 [main] Log - Navigate to Safe Railway.
[INFO ] 18-04-2022 19:24:58 [main] Log - Navigate to Register page.
[INFO ] 18-04-2022 19:24:59 [main] Log - Register new account.
[INFO ] 18-04-2022 19:25:00 [main] Log - Navigate to Login page.
[INFO ] 18-04-2022 19:25:01 [main] Log - Login to Safe Railway.
[INFO ] 18-04-2022 19:25:03 [main] Log - Navigate to Book Ticket page.
[INFO ] 18-04-2022 19:25:03 [main] Log - Book a new ticket.
[INFO ] 18-04-2022 19:25:06 [main] Log - Quit browser.
[INFO ] 18-04-2022 19:25:07 [main] Log - Navigate to Safe Railway.
[INFO ] 18-04-2022 19:25:09 [main] Log - Navigate to Register page.
[INFO ] 18-04-2022 19:25:10 [main] Log - Register new account.
[INFO ] 18-04-2022 19:25:12 [main] Log - Navigate to Login page.
[INFO ] 18-04-2022 19:25:12 [main] Log - Login to Safe Railway.
[INFO ] 18-04-2022 19:25:14 [main] Log - Navigate to Timetable page.
[INFO ] 18-04-2022 19:25:15 [main] Log - Check price.
[INFO ] 18-04-2022 19:25:16 [main] Log - Quit browser.
[INFO ] 18-04-2022 19:25:16 [main] Log - Navigate to Safe Railway.
[INFO ] 18-04-2022 19:25:18 [main] Log - Navigate to Register page.
[INFO ] 18-04-2022 19:25:19 [main] Log - Register new account.
[INFO ] 18-04-2022 19:25:21 [main] Log - Navigate to Login page.
[INFO ] 18-04-2022 19:25:22 [main] Log - Login to Safe Railway.
[INFO ] 18-04-2022 19:25:23 [main] Log - Navigate to Timetable page.
[INFO ] 18-04-2022 19:25:24 [main] Log - Check price.
[INFO ] 18-04-2022 19:25:26 [main] Log - Check that the web page displays correctly with the description.
[INFO ] 18-04-2022 19:25:26 [main] Log - Quit browser.
[INFO ] 18-04-2022 19:25:27 [main] Log - Navigate to Safe Railway.
[INFO ] 18-04-2022 19:25:29 [main] Log - Navigate to Register page.
[INFO ] 18-04-2022 19:25:29 [main] Log - Register new account.
[INFO ] 18-04-2022 19:25:31 [main] Log - Navigate to Login page.
[INFO ] 18-04-2022 19:25:32 [main] Log - Login to Safe Railway.
[INFO ] 18-04-2022 19:25:33 [main] Log - Navigate to Timetable page.
[INFO ] 18-04-2022 19:25:34 [main] Log - Check price.
[INFO ] 18-04-2022 19:25:36 [main] Log - Check that the web page displays correctly with the description.
[INFO ] 18-04-2022 19:25:36 [main] Log - Quit browser.
[INFO ] 18-04-2022 19:25:37 [main] Log - Navigate to Safe Railway.
[INFO ] 18-04-2022 19:25:39 [main] Log - Navigate to Register page.
[INFO ] 18-04-2022 19:25:40 [main] Log - Register new account.
[INFO ] 18-04-2022 19:25:41 [main] Log - Navigate to Login page.
[INFO ] 18-04-2022 19:25:42 [main] Log - Login to Safe Railway.
[INFO ] 18-04-2022 19:25:44 [main] Log - Navigate to Book Ticket page.
[INFO ] 18-04-2022 19:25:45 [main] Log - Book a new ticket.
[INFO ] 18-04-2022 19:25:48 [main] Log - Quit browser.
[INFO ] 18-04-2022 19:25:49 [main] Log - Navigate to Safe Railway.
[INFO ] 18-04-2022 19:25:51 [main] Log - Navigate to Register page.
[INFO ] 18-04-2022 19:25:52 [main] Log - Register new account.
[INFO ] 18-04-2022 19:25:53 [main] Log - Navigate to Login page.
[INFO ] 18-04-2022 19:25:54 [main] Log - Login to Safe Railway.
[INFO ] 18-04-2022 19:25:55 [main] Log - Navigate to Book Ticket page.
[INFO ] 18-04-2022 19:25:56 [main] Log - Book a new ticket.
[INFO ] 18-04-2022 19:25:59 [main] Log - Quit browser.
[INFO ] 18-04-2022 19:26:00 [main] Log - Navigate to Safe Railway.
[INFO ] 18-04-2022 19:26:02 [main] Log - Navigate to Register page.
[INFO ] 18-04-2022 19:26:03 [main] Log - Register new account.
[INFO ] 18-04-2022 19:26:04 [main] Log - Navigate to Login page.
[INFO ] 18-04-2022 19:26:05 [main] Log - Login to Safe Railway.
[INFO ] 18-04-2022 19:26:07 [main] Log - Navigate to Book Ticket page.
[INFO ] 18-04-2022 19:26:07 [main] Log - Book a new ticket.
[INFO ] 18-04-2022 19:26:10 [main] Log - Quit browser.
[INFO ] 19-04-2022 06:55:07 [main] Log - Navigate to Safe Railway.
[INFO ] 19-04-2022 06:55:10 [main] Log - Navigate to Register page.
[INFO ] 19-04-2022 06:55:11 [main] Log - Register new account.
[INFO ] 19-04-2022 06:55:12 [main] Log - Navigate to Login page.
[INFO ] 19-04-2022 06:55:13 [main] Log - Login to Safe Railway.
[INFO ] 19-04-2022 06:55:15 [main] Log - Navigate to Timetable page.
[INFO ] 19-04-2022 06:55:15 [main] Log - Check price.
[INFO ] 19-04-2022 06:55:16 [main] Log - Quit browser.
[INFO ] 19-04-2022 06:55:17 [main] Log - Navigate to Safe Railway.
[INFO ] 19-04-2022 06:55:19 [main] Log - Navigate to Register page.
[INFO ] 19-04-2022 06:55:20 [main] Log - Register new account.
[INFO ] 19-04-2022 06:55:21 [main] Log - Navigate to Login page.
[INFO ] 19-04-2022 06:55:22 [main] Log - Login to Safe Railway.
[INFO ] 19-04-2022 06:55:24 [main] Log - Navigate to Timetable page.
[INFO ] 19-04-2022 06:55:25 [main] Log - Check price.
[INFO ] 19-04-2022 06:55:26 [main] Log - Quit browser.
[INFO ] 19-04-2022 06:55:27 [main] Log - Navigate to Safe Railway.
[INFO ] 19-04-2022 06:55:28 [main] Log - Navigate to Register page.
[INFO ] 19-04-2022 06:55:29 [main] Log - Register new account.
[INFO ] 19-04-2022 06:55:31 [main] Log - Navigate to Login page.
[INFO ] 19-04-2022 06:55:31 [main] Log - Login to Safe Railway.
[INFO ] 19-04-2022 06:55:33 [main] Log - Navigate to Timetable page.
[INFO ] 19-04-2022 06:55:34 [main] Log - Check price.
[INFO ] 19-04-2022 06:55:35 [main] Log - Check that the web page displays correctly with the description.
[INFO ] 19-04-2022 06:55:35 [main] Log - Quit browser.
[INFO ] 19-04-2022 07:30:07 [main] Log - Navigate to Safe Railway.
[INFO ] 19-04-2022 07:30:11 [main] Log - Navigate to Login page.
[INFO ] 19-04-2022 07:30:12 [main] Log - Login to Safe Railway.
[INFO ] 19-04-2022 07:30:13 [main] Log - Check that the web page displays correctly with the description.
[INFO ] 19-04-2022 07:30:13 [main] Log - Quit browser.
[INFO ] 19-04-2022 07:32:53 [main] Log - Navigate to Safe Railway.
[INFO ] 19-04-2022 07:32:55 [main] Log - Navigate to Login page.
[INFO ] 19-04-2022 07:32:56 [main] Log - Login to Safe Railway.
[INFO ] 19-04-2022 07:32:57 [main] Log - Check that the web page displays correctly with the description.
[INFO ] 19-04-2022 07:32:57 [main] Log - Quit browser.
[INFO ] 19-04-2022 07:41:47 [main] Log - Navigate to Safe Railway.
[INFO ] 19-04-2022 07:41:49 [main] Log - Navigate to Login page.
[INFO ] 19-04-2022 07:41:50 [main] Log - Login to Safe Railway.
[INFO ] 19-04-2022 07:41:51 [main] Log - Check that the web page displays correctly with the description.
[INFO ] 19-04-2022 07:41:51 [main] Log - Quit browser.
[INFO ] 19-04-2022 07:41:52 [main] Log - Navigate to Safe Railway.
[INFO ] 19-04-2022 07:41:54 [main] Log - Navigate to Login Page.
[INFO ] 19-04-2022 07:41:55 [main] Log - Login to Safe Railway.
[INFO ] 19-04-2022 07:41:56 [main] Log - Check that the web page displays correctly with the description.
[INFO ] 19-04-2022 07:41:56 [main] Log - Quit browser.
[INFO ] 19-04-2022 07:41:57 [main] Log - Navigate to Safe Railway.
[INFO ] 19-04-2022 07:41:59 [main] Log - Navigate to Login Page.
[INFO ] 19-04-2022 07:42:00 [main] Log - Login to Safe Railway.
[INFO ] 19-04-2022 07:42:01 [main] Log - Check that the web page displays correctly with the description.
[INFO ] 19-04-2022 07:42:01 [main] Log - Quit browser.
[INFO ] 19-04-2022 07:42:02 [main] Log - Navigate to Safe Railway.
[INFO ] 19-04-2022 07:42:04 [main] Log - Navigate to Login Page.
[INFO ] 19-04-2022 07:42:05 [main] Log - Login to Safe Railway.
[INFO ] 19-04-2022 07:42:06 [main] Log - Check that the web page displays correctly with the description.
[INFO ] 19-04-2022 07:42:06 [main] Log - Quit browser.
[INFO ] 19-04-2022 07:42:07 [main] Log - Navigate to Safe Railway.
[INFO ] 19-04-2022 07:42:09 [main] Log - Navigate to Login Page.
[INFO ] 19-04-2022 07:42:10 [main] Log - Login to Safe Railway.
[INFO ] 19-04-2022 07:42:11 [main] Log - Login to Safe Railway.
[INFO ] 19-04-2022 07:42:12 [main] Log - Login to Safe Railway.
[INFO ] 19-04-2022 07:42:12 [main] Log - Login to Safe Railway.
[INFO ] 19-04-2022 07:42:14 [main] Log - Check that the web page displays correctly with the description.
[INFO ] 19-04-2022 07:42:14 [main] Log - Quit browser.
[INFO ] 19-04-2022 07:42:15 [main] Log - Navigate to Safe Railway.
[INFO ] 19-04-2022 07:42:17 [main] Log - Navigate to Login Page.
[INFO ] 19-04-2022 07:42:17 [main] Log - Login to Safe Railway.
[INFO ] 19-04-2022 07:42:19 [main] Log - Navigate to Contact Page.
[INFO ] 19-04-2022 07:42:20 [main] Log - Log out.
[INFO ] 19-04-2022 07:42:21 [main] Log - Check that the web page displays correctly with the description.
[INFO ] 19-04-2022 07:42:21 [main] Log - Quit browser.
[INFO ] 19-04-2022 07:42:22 [main] Log - Navigate to Safe Railway.
[INFO ] 19-04-2022 07:42:24 [main] Log - Navigate to Register page.
[INFO ] 19-04-2022 07:42:25 [main] Log - Register new account.
[INFO ] 19-04-2022 07:42:26 [main] Log - Check that the web page displays correctly with the description.
[INFO ] 19-04-2022 07:42:26 [main] Log - Quit browser.
[INFO ] 19-04-2022 07:42:27 [main] Log - Navigate to Safe Railway.
[INFO ] 19-04-2022 07:42:29 [main] Log - Navigate to Register page.
[INFO ] 19-04-2022 07:42:30 [main] Log - Register new account.
[INFO ] 19-04-2022 07:42:31 [main] Log - Check that the web page displays correctly with the description.
[INFO ] 19-04-2022 07:42:31 [main] Log - Quit browser.
[INFO ] 19-04-2022 07:42:32 [main] Log - Navigate to Safe Railway.
[INFO ] 19-04-2022 07:42:34 [main] Log - Navigate to Register page.
[INFO ] 19-04-2022 07:42:35 [main] Log - Register new account.
[INFO ] 19-04-2022 07:42:36 [main] Log - Check that the web page displays correctly with the description.
[INFO ] 19-04-2022 07:42:36 [main] Log - Quit browser.
[INFO ] 19-04-2022 07:42:37 [main] Log - Navigate to Safe Railway.
[INFO ] 19-04-2022 07:42:39 [main] Log - Navigate to Register page.
[INFO ] 19-04-2022 07:42:40 [main] Log - Register new account.
[INFO ] 19-04-2022 07:42:41 [main] Log - Navigate to Login page.
[INFO ] 19-04-2022 07:42:42 [main] Log - Login to Safe Railway.
[INFO ] 19-04-2022 07:42:44 [main] Log - Navigate to Change Password page.
[INFO ] 19-04-2022 07:42:45 [main] Log - Change password.
[INFO ] 19-04-2022 07:42:45 [main] Log - Quit browser.
[INFO ] 19-04-2022 07:42:46 [main] Log - Navigate to Safe Railway.
[INFO ] 19-04-2022 07:42:48 [main] Log - Navigate to Register page.
[INFO ] 19-04-2022 07:42:48 [main] Log - Register new account.
[INFO ] 19-04-2022 07:42:50 [main] Log - Navigate to Login page.
[INFO ] 19-04-2022 07:42:50 [main] Log - Login to Safe Railway.
[INFO ] 19-04-2022 07:42:52 [main] Log - Navigate to Change Password page.
[INFO ] 19-04-2022 07:42:53 [main] Log - Change password.
[INFO ] 19-04-2022 07:42:53 [main] Log - Quit browser.
[INFO ] 19-04-2022 07:42:54 [main] Log - Navigate to Safe Railway.
[INFO ] 19-04-2022 07:42:56 [main] Log - Navigate to Register page.
[INFO ] 19-04-2022 07:42:57 [main] Log - Register new account.
[INFO ] 19-04-2022 07:42:58 [main] Log - Navigate to Login page.
[INFO ] 19-04-2022 07:42:59 [main] Log - Login to Safe Railway.
[INFO ] 19-04-2022 07:43:00 [main] Log - Navigate to Change Password page.
[INFO ] 19-04-2022 07:43:01 [main] Log - Change password.
[INFO ] 19-04-2022 07:43:01 [main] Log - Quit browser.
[INFO ] 19-04-2022 07:43:02 [main] Log - Navigate to Safe Railway.
[INFO ] 19-04-2022 07:43:04 [main] Log - Navigate to Register page.
[INFO ] 19-04-2022 07:43:05 [main] Log - Register new account.
[INFO ] 19-04-2022 07:43:06 [main] Log - Navigate to Register page.
[INFO ] 19-04-2022 07:43:07 [main] Log - Register new account.
[INFO ] 19-04-2022 07:43:09 [main] Log - Check that the web page displays correctly with the description.
[INFO ] 19-04-2022 07:43:09 [main] Log - Quit browser.
[INFO ] 19-04-2022 07:43:10 [main] Log - Navigate to Safe Railway.
[INFO ] 19-04-2022 07:43:12 [main] Log - Navigate to Register page.
[INFO ] 19-04-2022 07:43:13 [main] Log - Register new account.
[INFO ] 19-04-2022 07:43:14 [main] Log - Navigate to Register page.
[INFO ] 19-04-2022 07:43:15 [main] Log - Register new account.
[INFO ] 19-04-2022 07:43:16 [main] Log - Check that the web page displays correctly with the description.
[INFO ] 19-04-2022 07:43:16 [main] Log - Quit browser.
[INFO ] 19-04-2022 07:43:17 [main] Log - Navigate to Safe Railway.
[INFO ] 19-04-2022 07:43:19 [main] Log - Navigate to Register page.
[INFO ] 19-04-2022 07:43:19 [main] Log - Register new account.
[INFO ] 19-04-2022 07:43:21 [main] Log - Navigate to Register page.
[INFO ] 19-04-2022 07:43:21 [main] Log - Register new account.
[INFO ] 19-04-2022 07:43:23 [main] Log - Check that the web page displays correctly with the description.
[INFO ] 19-04-2022 07:43:23 [main] Log - Quit browser.
[INFO ] 19-04-2022 07:43:24 [main] Log - Navigate to Safe Railway.
[INFO ] 19-04-2022 07:43:26 [main] Log - Navigate to Register page.
[INFO ] 19-04-2022 07:43:26 [main] Log - Register new account.
[INFO ] 19-04-2022 07:43:27 [main] Log - Check that the web page displays correctly with the description.
[INFO ] 19-04-2022 07:43:28 [main] Log - Quit browser.
[INFO ] 19-04-2022 07:43:28 [main] Log - Navigate to Safe Railway.
[INFO ] 19-04-2022 07:43:30 [main] Log - Navigate to Register page.
[INFO ] 19-04-2022 07:43:31 [main] Log - Register new account.
[INFO ] 19-04-2022 07:43:32 [main] Log - Check that the web page displays correctly with the description.
[INFO ] 19-04-2022 07:43:32 [main] Log - Quit browser.
[INFO ] 19-04-2022 07:43:33 [main] Log - Navigate to Safe Railway.
[INFO ] 19-04-2022 07:43:35 [main] Log - Navigate to Register page.
[INFO ] 19-04-2022 07:43:36 [main] Log - Register new account.
[INFO ] 19-04-2022 07:43:37 [main] Log - Check that the web page displays correctly with the description.
[INFO ] 19-04-2022 07:43:37 [main] Log - Quit browser.
[INFO ] 19-04-2022 07:43:38 [main] Log - Navigate to Safe Railway.
[INFO ] 19-04-2022 07:43:40 [main] Log - Navigate to Register page.
[INFO ] 19-04-2022 07:43:41 [main] Log - Register new account.
[INFO ] 19-04-2022 07:43:42 [main] Log - Navigate to Login page.
[INFO ] 19-04-2022 07:43:43 [main] Log - Login to Safe Railway.
[INFO ] 19-04-2022 07:43:44 [main] Log - Navigate to Book Ticket page.
[INFO ] 19-04-2022 07:43:45 [main] Log - Book a new ticket.
[INFO ] 19-04-2022 07:43:47 [main] Log - Quit browser.
[INFO ] 19-04-2022 07:43:48 [main] Log - Navigate to Safe Railway.
[INFO ] 19-04-2022 07:43:50 [main] Log - Navigate to Register page.
[INFO ] 19-04-2022 07:43:51 [main] Log - Register new account.
[INFO ] 19-04-2022 07:43:52 [main] Log - Navigate to Login page.
[INFO ] 19-04-2022 07:43:53 [main] Log - Login to Safe Railway.
[INFO ] 19-04-2022 07:43:55 [main] Log - Navigate to Book Ticket page.
[INFO ] 19-04-2022 07:43:56 [main] Log - Book a new ticket.
[INFO ] 19-04-2022 07:43:59 [main] Log - Check that the web page displays correctly with the description.
[INFO ] 19-04-2022 07:43:59 [main] Log - Quit browser.
[INFO ] 19-04-2022 07:44:00 [main] Log - Navigate to Safe Railway.
[INFO ] 19-04-2022 07:44:01 [main] Log - Navigate to Register page.
[INFO ] 19-04-2022 07:44:02 [main] Log - Register new account.
[INFO ] 19-04-2022 07:44:04 [main] Log - Navigate to Login page.
[INFO ] 19-04-2022 07:44:04 [main] Log - Login to Safe Railway.
[INFO ] 19-04-2022 07:44:06 [main] Log - Navigate to Book Ticket page.
[INFO ] 19-04-2022 07:44:07 [main] Log - Book a new ticket.
[INFO ] 19-04-2022 07:44:10 [main] Log - Check that the web page displays correctly with the description.
[INFO ] 19-04-2022 07:44:10 [main] Log - Quit browser.
[INFO ] 19-04-2022 07:44:11 [main] Log - Navigate to Safe Railway.
[INFO ] 19-04-2022 07:44:12 [main] Log - Navigate to Register page.
[INFO ] 19-04-2022 07:44:13 [main] Log - Register new account.
[INFO ] 19-04-2022 07:44:15 [main] Log - Navigate to Login page.
[INFO ] 19-04-2022 07:44:15 [main] Log - Login to Safe Railway.
[INFO ] 19-04-2022 07:44:17 [main] Log - Navigate to Timetable page.
[INFO ] 19-04-2022 07:44:18 [main] Log - Check price.
[INFO ] 19-04-2022 07:44:19 [main] Log - Check that the web page displays correctly with the description.
[INFO ] 19-04-2022 07:44:19 [main] Log - Quit browser.
[INFO ] 19-04-2022 07:44:20 [main] Log - Navigate to Safe Railway.
[INFO ] 19-04-2022 07:44:22 [main] Log - Navigate to Register page.
[INFO ] 19-04-2022 07:44:23 [main] Log - Register new account.
[INFO ] 19-04-2022 07:44:24 [main] Log - Navigate to Login page.
[INFO ] 19-04-2022 07:44:25 [main] Log - Login to Safe Railway.
[INFO ] 19-04-2022 07:44:27 [main] Log - Navigate to Timetable page.
[INFO ] 19-04-2022 07:44:28 [main] Log - Check price.
[INFO ] 19-04-2022 07:44:29 [main] Log - Check that the web page displays correctly with the description.
[INFO ] 19-04-2022 07:44:29 [main] Log - Quit browser.
[INFO ] 19-04-2022 07:44:30 [main] Log - Navigate to Safe Railway.
[INFO ] 19-04-2022 07:44:32 [main] Log - Navigate to Register page.
[INFO ] 19-04-2022 07:44:33 [main] Log - Register new account.
[INFO ] 19-04-2022 07:44:34 [main] Log - Navigate to Login page.
[INFO ] 19-04-2022 07:44:35 [main] Log - Login to Safe Railway.
[INFO ] 19-04-2022 07:44:37 [main] Log - Navigate to Timetable page.
[INFO ] 19-04-2022 07:44:37 [main] Log - Check price.
[INFO ] 19-04-2022 07:44:38 [main] Log - Quit browser.
[INFO ] 19-04-2022 07:44:39 [main] Log - Navigate to Safe Railway.
[INFO ] 19-04-2022 07:44:41 [main] Log - Navigate to Register page.
[INFO ] 19-04-2022 07:44:42 [main] Log - Register new account.
[INFO ] 19-04-2022 07:44:43 [main] Log - Navigate to Login page.
[INFO ] 19-04-2022 07:44:44 [main] Log - Login to Safe Railway.
[INFO ] 19-04-2022 07:44:46 [main] Log - Navigate to Book Ticket page.
[INFO ] 19-04-2022 07:44:46 [main] Log - Book a new ticket.
[INFO ] 19-04-2022 07:44:49 [main] Log - Navigate to My Ticket page.
[INFO ] 19-04-2022 07:44:50 [main] Log - Cancel ticket.
[INFO ] 19-04-2022 07:44:51 [main] Log - Quit browser.
[INFO ] 19-04-2022 07:44:52 [main] Log - Navigate to Safe Railway.
[INFO ] 19-04-2022 07:44:55 [main] Log - Navigate to Register page.
[INFO ] 19-04-2022 07:44:56 [main] Log - Register new account.
[INFO ] 19-04-2022 07:44:57 [main] Log - Navigate to Login page.
[INFO ] 19-04-2022 07:44:58 [main] Log - Login to Safe Railway.
[INFO ] 19-04-2022 07:44:59 [main] Log - Navigate to Book Ticket page.
[INFO ] 19-04-2022 07:45:00 [main] Log - Book a new ticket.
[INFO ] 19-04-2022 07:45:03 [main] Log - Navigate to My Ticket page.
[INFO ] 19-04-2022 07:45:04 [main] Log - Cancel ticket.
[INFO ] 19-04-2022 07:45:05 [main] Log - Quit browser.
[INFO ] 19-04-2022 07:45:06 [main] Log - Navigate to Safe Railway.
[INFO ] 19-04-2022 07:45:08 [main] Log - Navigate to Register page.
[INFO ] 19-04-2022 07:45:09 [main] Log - Register new account.
[INFO ] 19-04-2022 07:45:10 [main] Log - Navigate to Login page.
[INFO ] 19-04-2022 07:45:11 [main] Log - Login to Safe Railway.
[INFO ] 19-04-2022 07:45:13 [main] Log - Navigate to Book Ticket page.
[INFO ] 19-04-2022 07:45:13 [main] Log - Book a new ticket.
[INFO ] 19-04-2022 07:45:14 [main] Log - Quit browser.
[INFO ] 19-04-2022 07:49:47 [main] Log - Navigate to Safe Railway.
[INFO ] 19-04-2022 07:49:49 [main] Log - Navigate to Register page.
[INFO ] 19-04-2022 07:49:49 [main] Log - Register new account.
[INFO ] 19-04-2022 07:49:51 [main] Log - Navigate to Login page.
[INFO ] 19-04-2022 07:49:51 [main] Log - Login to Safe Railway.
[INFO ] 19-04-2022 07:49:53 [main] Log - Navigate to Book Ticket page.
[INFO ] 19-04-2022 07:49:54 [main] Log - Book a new ticket.
[INFO ] 19-04-2022 07:49:55 [main] Log - Quit browser.
[INFO ] 19-04-2022 07:49:56 [main] Log - Navigate to Safe Railway.
[INFO ] 19-04-2022 07:49:58 [main] Log - Navigate to Register page.
[INFO ] 19-04-2022 07:49:58 [main] Log - Register new account.
[INFO ] 19-04-2022 07:50:00 [main] Log - Navigate to Login page.
[INFO ] 19-04-2022 07:50:00 [main] Log - Login to Safe Railway.
[INFO ] 19-04-2022 07:50:02 [main] Log - Navigate to Book Ticket page.
[INFO ] 19-04-2022 07:50:03 [main] Log - Book a new ticket.
[INFO ] 19-04-2022 07:50:04 [main] Log - Quit browser.
[INFO ] 19-04-2022 07:50:05 [main] Log - Navigate to Safe Railway.
[INFO ] 19-04-2022 07:50:07 [main] Log - Navigate to Register page.
[INFO ] 19-04-2022 07:50:07 [main] Log - Register new account.
[INFO ] 19-04-2022 07:50:09 [main] Log - Navigate to Login page.
[INFO ] 19-04-2022 07:50:10 [main] Log - Login to Safe Railway.
[INFO ] 19-04-2022 07:50:11 [main] Log - Navigate to Book Ticket page.
[INFO ] 19-04-2022 07:50:12 [main] Log - Book a new ticket.
[INFO ] 19-04-2022 07:50:14 [main] Log - Quit browser.
[INFO ] 19-04-2022 07:50:22 [main] Log - Navigate to Safe Railway.
[INFO ] 19-04-2022 07:50:24 [main] Log - Navigate to Register page.
[INFO ] 19-04-2022 07:50:25 [main] Log - Register new account.
[INFO ] 19-04-2022 07:50:27 [main] Log - Navigate to Login page.
[INFO ] 19-04-2022 07:50:27 [main] Log - Login to Safe Railway.
[INFO ] 19-04-2022 07:50:29 [main] Log - Navigate to Book Ticket page.
[INFO ] 19-04-2022 07:50:30 [main] Log - Book a new ticket.
[INFO ] 19-04-2022 07:50:33 [main] Log - Navigate to My Ticket page.
[INFO ] 19-04-2022 07:50:34 [main] Log - Cancel ticket.
[INFO ] 19-04-2022 07:50:34 [main] Log - Quit browser.
[INFO ] 19-04-2022 07:50:35 [main] Log - Navigate to Safe Railway.
[INFO ] 19-04-2022 07:50:37 [main] Log - Navigate to Register page.
[INFO ] 19-04-2022 07:50:37 [main] Log - Register new account.
[INFO ] 19-04-2022 07:50:39 [main] Log - Navigate to Login page.
[INFO ] 19-04-2022 07:50:40 [main] Log - Login to Safe Railway.
[INFO ] 19-04-2022 07:50:41 [main] Log - Navigate to Book Ticket page.
[INFO ] 19-04-2022 07:50:42 [main] Log - Book a new ticket.
[INFO ] 19-04-2022 07:50:43 [main] Log - Quit browser.
[INFO ] 19-04-2022 07:50:44 [main] Log - Navigate to Safe Railway.
[INFO ] 19-04-2022 07:50:46 [main] Log - Navigate to Register page.
[INFO ] 19-04-2022 07:50:46 [main] Log - Register new account.
[INFO ] 19-04-2022 07:50:48 [main] Log - Navigate to Login page.
[INFO ] 19-04-2022 07:50:49 [main] Log - Login to Safe Railway.
[INFO ] 19-04-2022 07:50:50 [main] Log - Navigate to Book Ticket page.
[INFO ] 19-04-2022 07:50:51 [main] Log - Book a new ticket.
[INFO ] 19-04-2022 07:50:52 [main] Log - Quit browser.
[INFO ] 19-04-2022 07:52:18 [main] Log - Navigate to Safe Railway.
[INFO ] 19-04-2022 07:52:20 [main] Log - Navigate to Login page.
[INFO ] 19-04-2022 07:52:20 [main] Log - Login to Safe Railway.
[INFO ] 19-04-2022 07:52:22 [main] Log - Check that the web page displays correctly with the description.
[INFO ] 19-04-2022 07:52:22 [main] Log - Quit browser.
[INFO ] 19-04-2022 07:52:23 [main] Log - Navigate to Safe Railway.
[INFO ] 19-04-2022 07:52:25 [main] Log - Navigate to Login Page.
[INFO ] 19-04-2022 07:52:25 [main] Log - Login to Safe Railway.
[INFO ] 19-04-2022 07:52:26 [main] Log - Check that the web page displays correctly with the description.
[INFO ] 19-04-2022 07:52:26 [main] Log - Quit browser.
[INFO ] 19-04-2022 07:52:27 [main] Log - Navigate to Safe Railway.
[INFO ] 19-04-2022 07:52:29 [main] Log - Navigate to Login Page.
[INFO ] 19-04-2022 07:52:30 [main] Log - Login to Safe Railway.
[INFO ] 19-04-2022 07:52:31 [main] Log - Check that the web page displays correctly with the description.
[INFO ] 19-04-2022 07:52:31 [main] Log - Quit browser.
[INFO ] 19-04-2022 07:52:32 [main] Log - Navigate to Safe Railway.
[INFO ] 19-04-2022 07:52:34 [main] Log - Navigate to Login Page.
[INFO ] 19-04-2022 07:52:35 [main] Log - Login to Safe Railway.
[INFO ] 19-04-2022 07:52:36 [main] Log - Check that the web page displays correctly with the description.
[INFO ] 19-04-2022 07:52:36 [main] Log - Quit browser.
[INFO ] 19-04-2022 07:52:37 [main] Log - Navigate to Safe Railway.
[INFO ] 19-04-2022 07:52:39 [main] Log - Navigate to Login Page.
[INFO ] 19-04-2022 07:52:40 [main] Log - Login to Safe Railway.
[INFO ] 19-04-2022 07:52:41 [main] Log - Login to Safe Railway.
[INFO ] 19-04-2022 07:52:42 [main] Log - Login to Safe Railway.
[INFO ] 19-04-2022 07:52:43 [main] Log - Login to Safe Railway.
[INFO ] 19-04-2022 07:52:44 [main] Log - Check that the web page displays correctly with the description.
[INFO ] 19-04-2022 07:52:44 [main] Log - Quit browser.
[INFO ] 19-04-2022 07:52:45 [main] Log - Navigate to Safe Railway.
[INFO ] 19-04-2022 07:52:47 [main] Log - Navigate to Login Page.
[INFO ] 19-04-2022 07:52:47 [main] Log - Login to Safe Railway.
[INFO ] 19-04-2022 07:52:49 [main] Log - Navigate to Contact Page.
[INFO ] 19-04-2022 07:52:50 [main] Log - Log out.
[INFO ] 19-04-2022 07:52:51 [main] Log - Check that the web page displays correctly with the description.
[INFO ] 19-04-2022 07:52:51 [main] Log - Quit browser.
[INFO ] 19-04-2022 07:52:52 [main] Log - Navigate to Safe Railway.
[INFO ] 19-04-2022 07:52:54 [main] Log - Navigate to Register page.
[INFO ] 19-04-2022 07:52:55 [main] Log - Register new account.
[INFO ] 19-04-2022 07:52:56 [main] Log - Check that the web page displays correctly with the description.
[INFO ] 19-04-2022 07:52:56 [main] Log - Quit browser.
[INFO ] 19-04-2022 07:52:57 [main] Log - Navigate to Safe Railway.
[INFO ] 19-04-2022 07:52:59 [main] Log - Navigate to Register page.
[INFO ] 19-04-2022 07:53:00 [main] Log - Register new account.
[INFO ] 19-04-2022 07:53:01 [main] Log - Check that the web page displays correctly with the description.
[INFO ] 19-04-2022 07:53:01 [main] Log - Quit browser.
[INFO ] 19-04-2022 07:53:02 [main] Log - Navigate to Safe Railway.
[INFO ] 19-04-2022 07:53:04 [main] Log - Navigate to Register page.
[INFO ] 19-04-2022 07:53:05 [main] Log - Register new account.
[INFO ] 19-04-2022 07:53:06 [main] Log - Check that the web page displays correctly with the description.
[INFO ] 19-04-2022 07:53:06 [main] Log - Quit browser.
[INFO ] 19-04-2022 07:53:07 [main] Log - Navigate to Safe Railway.
[INFO ] 19-04-2022 07:53:09 [main] Log - Navigate to Register page.
[INFO ] 19-04-2022 07:53:10 [main] Log - Register new account.
[INFO ] 19-04-2022 07:53:11 [main] Log - Navigate to Login page.
[INFO ] 19-04-2022 07:53:12 [main] Log - Login to Safe Railway.
[INFO ] 19-04-2022 07:53:14 [main] Log - Navigate to Change Password page.
[INFO ] 19-04-2022 07:53:14 [main] Log - Change password.
[INFO ] 19-04-2022 07:53:14 [main] Log - Quit browser.
[INFO ] 19-04-2022 07:53:15 [main] Log - Navigate to Safe Railway.
[INFO ] 19-04-2022 07:53:17 [main] Log - Navigate to Register page.
[INFO ] 19-04-2022 07:53:18 [main] Log - Register new account.
[INFO ] 19-04-2022 07:53:19 [main] Log - Navigate to Login page.
[INFO ] 19-04-2022 07:53:20 [main] Log - Login to Safe Railway.
[INFO ] 19-04-2022 07:53:22 [main] Log - Navigate to Change Password page.
[INFO ] 19-04-2022 07:53:23 [main] Log - Change password.
[INFO ] 19-04-2022 07:53:23 [main] Log - Quit browser.
[INFO ] 19-04-2022 07:53:24 [main] Log - Navigate to Safe Railway.
[INFO ] 19-04-2022 07:53:26 [main] Log - Navigate to Register page.
[INFO ] 19-04-2022 07:53:27 [main] Log - Register new account.
[INFO ] 19-04-2022 07:53:28 [main] Log - Navigate to Login page.
[INFO ] 19-04-2022 07:53:29 [main] Log - Login to Safe Railway.
[INFO ] 19-04-2022 07:53:30 [main] Log - Navigate to Change Password page.
[INFO ] 19-04-2022 07:53:31 [main] Log - Change password.
[INFO ] 19-04-2022 07:53:31 [main] Log - Quit browser.
[INFO ] 19-04-2022 07:53:32 [main] Log - Navigate to Safe Railway.
[INFO ] 19-04-2022 07:53:34 [main] Log - Navigate to Register page.
[INFO ] 19-04-2022 07:53:35 [main] Log - Register new account.
[INFO ] 19-04-2022 07:53:36 [main] Log - Navigate to Register page.
[INFO ] 19-04-2022 07:53:37 [main] Log - Register new account.
[INFO ] 19-04-2022 07:53:38 [main] Log - Check that the web page displays correctly with the description.
[INFO ] 19-04-2022 07:53:38 [main] Log - Quit browser.
[INFO ] 19-04-2022 07:53:39 [main] Log - Navigate to Safe Railway.
[INFO ] 19-04-2022 07:53:41 [main] Log - Navigate to Register page.
[INFO ] 19-04-2022 07:53:41 [main] Log - Register new account.
[INFO ] 19-04-2022 07:53:43 [main] Log - Navigate to Register page.
[INFO ] 19-04-2022 07:53:44 [main] Log - Register new account.
[INFO ] 19-04-2022 07:53:45 [main] Log - Check that the web page displays correctly with the description.
[INFO ] 19-04-2022 07:53:45 [main] Log - Quit browser.
[INFO ] 19-04-2022 07:53:46 [main] Log - Navigate to Safe Railway.
[INFO ] 19-04-2022 07:53:48 [main] Log - Navigate to Register page.
[INFO ] 19-04-2022 07:53:48 [main] Log - Register new account.
[INFO ] 19-04-2022 07:53:50 [main] Log - Navigate to Register page.
[INFO ] 19-04-2022 07:53:51 [main] Log - Register new account.
[INFO ] 19-04-2022 07:53:52 [main] Log - Check that the web page displays correctly with the description.
[INFO ] 19-04-2022 07:53:52 [main] Log - Quit browser.
[INFO ] 19-04-2022 07:53:52 [main] Log - Navigate to Safe Railway.
[INFO ] 19-04-2022 07:53:54 [main] Log - Navigate to Register page.
[INFO ] 19-04-2022 07:53:55 [main] Log - Register new account.
[INFO ] 19-04-2022 07:53:56 [main] Log - Check that the web page displays correctly with the description.
[INFO ] 19-04-2022 07:53:56 [main] Log - Quit browser.
[INFO ] 19-04-2022 07:53:57 [main] Log - Navigate to Safe Railway.
[INFO ] 19-04-2022 07:53:59 [main] Log - Navigate to Register page.
[INFO ] 19-04-2022 07:54:00 [main] Log - Register new account.
[INFO ] 19-04-2022 07:54:01 [main] Log - Check that the web page displays correctly with the description.
[INFO ] 19-04-2022 07:54:01 [main] Log - Quit browser.
[INFO ] 19-04-2022 07:54:02 [main] Log - Navigate to Safe Railway.
[INFO ] 19-04-2022 07:54:04 [main] Log - Navigate to Register page.
[INFO ] 19-04-2022 07:54:05 [main] Log - Register new account.
[INFO ] 19-04-2022 07:54:06 [main] Log - Check that the web page displays correctly with the description.
[INFO ] 19-04-2022 07:54:06 [main] Log - Quit browser.
[INFO ] 19-04-2022 07:54:07 [main] Log - Navigate to Safe Railway.
[INFO ] 19-04-2022 07:54:09 [main] Log - Navigate to Register page.
[INFO ] 19-04-2022 07:54:10 [main] Log - Register new account.
[INFO ] 19-04-2022 07:54:11 [main] Log - Navigate to Login page.
[INFO ] 19-04-2022 07:54:12 [main] Log - Login to Safe Railway.
[INFO ] 19-04-2022 07:54:14 [main] Log - Navigate to Book Ticket page.
[INFO ] 19-04-2022 07:54:14 [main] Log - Book a new ticket.
[INFO ] 19-04-2022 07:54:15 [main] Log - Quit browser.
[INFO ] 19-04-2022 07:54:16 [main] Log - Navigate to Safe Railway.
[INFO ] 19-04-2022 07:54:18 [main] Log - Navigate to Register page.
[INFO ] 19-04-2022 07:54:19 [main] Log - Register new account.
[INFO ] 19-04-2022 07:54:20 [main] Log - Navigate to Login page.
[INFO ] 19-04-2022 07:54:21 [main] Log - Login to Safe Railway.
[INFO ] 19-04-2022 07:54:23 [main] Log - Navigate to Book Ticket page.
[INFO ] 19-04-2022 07:54:24 [main] Log - Book a new ticket.
[INFO ] 19-04-2022 07:54:26 [main] Log - Quit browser.
[INFO ] 19-04-2022 07:54:26 [main] Log - Navigate to Safe Railway.
[INFO ] 19-04-2022 07:54:28 [main] Log - Navigate to Register page.
[INFO ] 19-04-2022 07:54:29 [main] Log - Register new account.
[INFO ] 19-04-2022 07:54:31 [main] Log - Navigate to Login page.
[INFO ] 19-04-2022 07:54:32 [main] Log - Login to Safe Railway.
[INFO ] 19-04-2022 07:54:33 [main] Log - Navigate to Book Ticket page.
[INFO ] 19-04-2022 07:54:34 [main] Log - Book a new ticket.
[INFO ] 19-04-2022 07:54:36 [main] Log - Quit browser.
[INFO ] 19-04-2022 07:54:37 [main] Log - Navigate to Safe Railway.
[INFO ] 19-04-2022 07:54:39 [main] Log - Navigate to Register page.
[INFO ] 19-04-2022 07:54:39 [main] Log - Register new account.
[INFO ] 19-04-2022 07:54:41 [main] Log - Navigate to Login page.
[INFO ] 19-04-2022 07:54:42 [main] Log - Login to Safe Railway.
[INFO ] 19-04-2022 07:54:43 [main] Log - Navigate to Timetable page.
[INFO ] 19-04-2022 07:54:44 [main] Log - Check price.
[INFO ] 19-04-2022 07:54:46 [main] Log - Check that the web page displays correctly with the description.
[INFO ] 19-04-2022 07:54:46 [main] Log - Quit browser.
[INFO ] 19-04-2022 07:54:47 [main] Log - Navigate to Safe Railway.
[INFO ] 19-04-2022 07:54:49 [main] Log - Navigate to Register page.
[INFO ] 19-04-2022 07:54:50 [main] Log - Register new account.
[INFO ] 19-04-2022 07:54:51 [main] Log - Navigate to Login page.
[INFO ] 19-04-2022 07:54:52 [main] Log - Login to Safe Railway.
[INFO ] 19-04-2022 07:54:53 [main] Log - Navigate to Timetable page.
[INFO ] 19-04-2022 07:54:54 [main] Log - Check price.
[INFO ] 19-04-2022 07:54:56 [main] Log - Check that the web page displays correctly with the description.
[INFO ] 19-04-2022 07:54:56 [main] Log - Quit browser.
[INFO ] 19-04-2022 07:54:57 [main] Log - Navigate to Safe Railway.
[INFO ] 19-04-2022 07:54:59 [main] Log - Navigate to Register page.
[INFO ] 19-04-2022 07:55:00 [main] Log - Register new account.
[INFO ] 19-04-2022 07:55:01 [main] Log - Navigate to Login page.
[INFO ] 19-04-2022 07:55:02 [main] Log - Login to Safe Railway.
[INFO ] 19-04-2022 07:55:03 [main] Log - Navigate to Timetable page.
[INFO ] 19-04-2022 07:55:05 [main] Log - Check price.
[INFO ] 19-04-2022 07:55:06 [main] Log - Quit browser.
[INFO ] 19-04-2022 07:55:07 [main] Log - Navigate to Safe Railway.
[INFO ] 19-04-2022 07:55:09 [main] Log - Navigate to Register page.
[INFO ] 19-04-2022 07:55:09 [main] Log - Register new account.
[INFO ] 19-04-2022 07:55:11 [main] Log - Navigate to Login page.
[INFO ] 19-04-2022 07:55:12 [main] Log - Login to Safe Railway.
[INFO ] 19-04-2022 07:55:14 [main] Log - Navigate to Book Ticket page.
[INFO ] 19-04-2022 07:55:14 [main] Log - Book a new ticket.
[INFO ] 19-04-2022 07:55:17 [main] Log - Navigate to My Ticket page.
[INFO ] 19-04-2022 07:55:18 [main] Log - Cancel ticket.
[INFO ] 19-04-2022 07:55:18 [main] Log - Quit browser.
[INFO ] 19-04-2022 07:55:19 [main] Log - Navigate to Safe Railway.
[INFO ] 19-04-2022 07:55:21 [main] Log - Navigate to Register page.
[INFO ] 19-04-2022 07:55:22 [main] Log - Register new account.
[INFO ] 19-04-2022 07:55:23 [main] Log - Navigate to Login page.
[INFO ] 19-04-2022 07:55:24 [main] Log - Login to Safe Railway.
[INFO ] 19-04-2022 07:55:26 [main] Log - Navigate to Book Ticket page.
[INFO ] 19-04-2022 07:55:26 [main] Log - Book a new ticket.
[INFO ] 19-04-2022 07:55:29 [main] Log - Quit browser.
[INFO ] 19-04-2022 07:55:30 [main] Log - Navigate to Safe Railway.
[INFO ] 19-04-2022 07:55:31 [main] Log - Navigate to Register page.
[INFO ] 19-04-2022 07:55:32 [main] Log - Register new account.
[INFO ] 19-04-2022 07:55:34 [main] Log - Navigate to Login page.
[INFO ] 19-04-2022 07:55:34 [main] Log - Login to Safe Railway.
[INFO ] 19-04-2022 07:55:36 [main] Log - Navigate to Book Ticket page.
[INFO ] 19-04-2022 07:55:37 [main] Log - Book a new ticket.
[INFO ] 19-04-2022 07:55:38 [main] Log - Quit browser.
